   1               		.file	"Events.c"
   2               	__SREG__ = 0x3f
   3               	__SP_H__ = 0x3e
   4               	__SP_L__ = 0x3d
   5               	__CCP__  = 0x34
   6               	__tmp_reg__ = 0
   7               	__zero_reg__ = 1
  15               	.Ltext0:
  16               		.section	.text.USB_Event_Stub,"ax",@progbits
  17               	.global	USB_Event_Stub
  19               	USB_Event_Stub:
  20               	.LFB7:
  21               	.LSM0:
  22               	/* prologue: function */
  23               	/* frame size = 0 */
  24               	/* epilogue start */
  25               	.LSM1:
  26 0000 0895      		ret
  27               	.LFE7:
  29               		.weak	EVENT_USB_VBUSChange
  30               		.set	EVENT_USB_VBUSChange,USB_Event_Stub
  31               		.weak	EVENT_USB_VBUSConnect
  32               		.set	EVENT_USB_VBUSConnect,USB_Event_Stub
  33               		.weak	EVENT_USB_VBUSDisconnect
  34               		.set	EVENT_USB_VBUSDisconnect,USB_Event_Stub
  35               		.weak	EVENT_USB_Connect
  36               		.set	EVENT_USB_Connect,USB_Event_Stub
  37               		.weak	EVENT_USB_Disconnect
  38               		.set	EVENT_USB_Disconnect,USB_Event_Stub
  39               		.weak	EVENT_USB_DeviceEnumerationComplete
  40               		.set	EVENT_USB_DeviceEnumerationComplete,USB_Event_Stub
  41               		.weak	EVENT_USB_UnhandledControlPacket
  42               		.set	EVENT_USB_UnhandledControlPacket,USB_Event_Stub
  43               		.weak	EVENT_USB_ConfigurationChanged
  44               		.set	EVENT_USB_ConfigurationChanged,USB_Event_Stub
  45               		.weak	EVENT_USB_Suspend
  46               		.set	EVENT_USB_Suspend,USB_Event_Stub
  47               		.weak	EVENT_USB_WakeUp
  48               		.set	EVENT_USB_WakeUp,USB_Event_Stub
  49               		.weak	EVENT_USB_Reset
  50               		.set	EVENT_USB_Reset,USB_Event_Stub
  75               	.Letext0:
DEFINED SYMBOLS
                            *ABS*:00000000 Events.c
C:\Users\andz\AppData\Local\Temp/ccAqe2cz.s:2      *ABS*:0000003f __SREG__
C:\Users\andz\AppData\Local\Temp/ccAqe2cz.s:3      *ABS*:0000003e __SP_H__
C:\Users\andz\AppData\Local\Temp/ccAqe2cz.s:4      *ABS*:0000003d __SP_L__
C:\Users\andz\AppData\Local\Temp/ccAqe2cz.s:5      *ABS*:00000034 __CCP__
C:\Users\andz\AppData\Local\Temp/ccAqe2cz.s:6      *ABS*:00000000 __tmp_reg__
C:\Users\andz\AppData\Local\Temp/ccAqe2cz.s:7      *ABS*:00000001 __zero_reg__
C:\Users\andz\AppData\Local\Temp/ccAqe2cz.s:19     .text.USB_Event_Stub:00000000 USB_Event_Stub
C:\Users\andz\AppData\Local\Temp/ccAqe2cz.s:19     .text.USB_Event_Stub:00000000 EVENT_USB_VBUSChange
C:\Users\andz\AppData\Local\Temp/ccAqe2cz.s:19     .text.USB_Event_Stub:00000000 EVENT_USB_VBUSConnect
C:\Users\andz\AppData\Local\Temp/ccAqe2cz.s:19     .text.USB_Event_Stub:00000000 EVENT_USB_VBUSDisconnect
C:\Users\andz\AppData\Local\Temp/ccAqe2cz.s:19     .text.USB_Event_Stub:00000000 EVENT_USB_Connect
C:\Users\andz\AppData\Local\Temp/ccAqe2cz.s:19     .text.USB_Event_Stub:00000000 EVENT_USB_Disconnect
C:\Users\andz\AppData\Local\Temp/ccAqe2cz.s:19     .text.USB_Event_Stub:00000000 EVENT_USB_DeviceEnumerationComplete
C:\Users\andz\AppData\Local\Temp/ccAqe2cz.s:19     .text.USB_Event_Stub:00000000 EVENT_USB_UnhandledControlPacket
C:\Users\andz\AppData\Local\Temp/ccAqe2cz.s:19     .text.USB_Event_Stub:00000000 EVENT_USB_ConfigurationChanged
C:\Users\andz\AppData\Local\Temp/ccAqe2cz.s:19     .text.USB_Event_Stub:00000000 EVENT_USB_Suspend
C:\Users\andz\AppData\Local\Temp/ccAqe2cz.s:19     .text.USB_Event_Stub:00000000 EVENT_USB_WakeUp
C:\Users\andz\AppData\Local\Temp/ccAqe2cz.s:19     .text.USB_Event_Stub:00000000 EVENT_USB_Reset

NO UNDEFINED SYMBOLS
