   1               		.file	"USBInterrupt.c"
   2               	__SREG__ = 0x3f
   3               	__SP_H__ = 0x3e
   4               	__SP_L__ = 0x3d
   5               	__CCP__  = 0x34
   6               	__tmp_reg__ = 0
   7               	__zero_reg__ = 1
  15               	.Ltext0:
  16               		.section	.text.USB_INT_DisableAllInterrupts,"ax",@progbits
  17               	.global	USB_INT_DisableAllInterrupts
  19               	USB_INT_DisableAllInterrupts:
  20               	.LFB29:
  21               	.LSM0:
  22               	/* prologue: function */
  23               	/* frame size = 0 */
  24               	.LSM1:
  25 0000 E8ED      		ldi r30,lo8(216)
  26 0002 F0E0      		ldi r31,hi8(216)
  27 0004 8081      		ld r24,Z
  28 0006 8E7F      		andi r24,lo8(-2)
  29 0008 8083      		st Z,r24
  30               	.LSM2:
  31 000a 1092 E200 		sts 226,__zero_reg__
  32               	/* epilogue start */
  33               	.LSM3:
  34 000e 0895      		ret
  35               	.LFE29:
  37               		.section	.text.USB_INT_ClearAllInterrupts,"ax",@progbits
  38               	.global	USB_INT_ClearAllInterrupts
  40               	USB_INT_ClearAllInterrupts:
  41               	.LFB30:
  42               	.LSM4:
  43               	/* prologue: function */
  44               	/* frame size = 0 */
  45               	.LSM5:
  46 0000 1092 DA00 		sts 218,__zero_reg__
  47               	.LSM6:
  48 0004 1092 E100 		sts 225,__zero_reg__
  49               	/* epilogue start */
  50               	.LSM7:
  51 0008 0895      		ret
  52               	.LFE30:
  54               		.section	.text.__vector_10,"ax",@progbits
  55               	.global	__vector_10
  57               	__vector_10:
  58               	.LFB31:
  59               	.LSM8:
  60 0000 1F92      		push __zero_reg__
  61 0002 0F92      		push r0
  62 0004 0FB6      		in r0,__SREG__
  63 0006 0F92      		push r0
  64 0008 1124      		clr __zero_reg__
  65 000a 2F93      		push r18
  66 000c 3F93      		push r19
  67 000e 4F93      		push r20
  68 0010 5F93      		push r21
  69 0012 6F93      		push r22
  70 0014 7F93      		push r23
  71 0016 8F93      		push r24
  72 0018 9F93      		push r25
  73 001a AF93      		push r26
  74 001c BF93      		push r27
  75 001e EF93      		push r30
  76 0020 FF93      		push r31
  77               	/* prologue: Signal */
  78               	/* frame size = 0 */
  79               	.LSM9:
  80 0022 8091 DA00 		lds r24,218
  81 0026 80FF      		sbrs r24,0
  82 0028 00C0      		rjmp .L6
  83 002a 8091 D800 		lds r24,216
  84 002e 80FF      		sbrs r24,0
  85 0030 00C0      		rjmp .L6
  86               	.LSM10:
  87 0032 8091 DA00 		lds r24,218
  88 0036 8E7F      		andi r24,lo8(-2)
  89 0038 8093 DA00 		sts 218,r24
  90               	.LSM11:
  91 003c 0E94 0000 		call EVENT_USB_VBUSChange
  92               	.LSM12:
  93 0040 8091 D900 		lds r24,217
  94 0044 80FF      		sbrs r24,0
  95 0046 00C0      		rjmp .L7
  96               	.LSM13:
  97 0048 0E94 0000 		call EVENT_USB_VBUSConnect
  98               	.LSM14:
  99 004c 8091 0000 		lds r24,USB_IsConnected
 100 0050 8823      		tst r24
 101 0052 01F0      		breq .L8
 102               	.LSM15:
 103 0054 0E94 0000 		call EVENT_USB_Disconnect
 104               	.L8:
 105               	.LSM16:
 106 0058 0E94 0000 		call USB_ResetInterface
 107               	.LSM17:
 108 005c 81E0      		ldi r24,lo8(1)
 109 005e 8093 0000 		sts USB_IsConnected,r24
 110               	.LSM18:
 111 0062 0E94 0000 		call EVENT_USB_Connect
 112 0066 00C0      		rjmp .L6
 113               	.L7:
 114               	.LSM19:
 115 0068 1092 0000 		sts USB_IsConnected,__zero_reg__
 116               	.LSM20:
 117 006c 0E94 0000 		call EVENT_USB_Disconnect
 118               	.LSM21:
 119 0070 8091 E000 		lds r24,224
 120 0074 8160      		ori r24,lo8(1)
 121 0076 8093 E000 		sts 224,r24
 122               	.LSM22:
 123 007a 8091 D800 		lds r24,216
 124 007e 8062      		ori r24,lo8(32)
 125 0080 8093 D800 		sts 216,r24
 126               	.LSM23:
 127 0084 19BC      		out 73-32,__zero_reg__
 128               	.LSM24:
 129 0086 8091 D700 		lds r24,215
 130 008a 8E7F      		andi r24,lo8(-2)
 131 008c 8093 D700 		sts 215,r24
 132               	.LSM25:
 133 0090 0E94 0000 		call EVENT_USB_VBUSDisconnect
 134               	.LSM26:
 135 0094 8091 DA00 		lds r24,218
 136 0098 8E7F      		andi r24,lo8(-2)
 137 009a 8093 DA00 		sts 218,r24
 138               	.L6:
 139               	.LSM27:
 140 009e 8091 E100 		lds r24,225
 141 00a2 80FF      		sbrs r24,0
 142 00a4 00C0      		rjmp .L9
 143 00a6 8091 E200 		lds r24,226
 144 00aa 80FF      		sbrs r24,0
 145 00ac 00C0      		rjmp .L9
 146               	.LSM28:
 147 00ae 8091 E100 		lds r24,225
 148 00b2 8E7F      		andi r24,lo8(-2)
 149 00b4 8093 E100 		sts 225,r24
 150               	.LSM29:
 151 00b8 8091 E200 		lds r24,226
 152 00bc 8E7F      		andi r24,lo8(-2)
 153 00be 8093 E200 		sts 226,r24
 154               	.LSM30:
 155 00c2 8091 E200 		lds r24,226
 156 00c6 8061      		ori r24,lo8(16)
 157 00c8 8093 E200 		sts 226,r24
 158               	.LSM31:
 159 00cc 8091 D800 		lds r24,216
 160 00d0 8062      		ori r24,lo8(32)
 161 00d2 8093 D800 		sts 216,r24
 162               	.LSM32:
 163 00d6 19BC      		out 73-32,__zero_reg__
 164               	.LSM33:
 165 00d8 81E0      		ldi r24,lo8(1)
 166 00da 8093 0000 		sts USB_IsSuspended,r24
 167               	.LSM34:
 168 00de 0E94 0000 		call EVENT_USB_Suspend
 169               	.L9:
 170               	.LSM35:
 171 00e2 8091 E100 		lds r24,225
 172 00e6 84FF      		sbrs r24,4
 173 00e8 00C0      		rjmp .L10
 174 00ea 8091 E200 		lds r24,226
 175 00ee 84FF      		sbrs r24,4
 176 00f0 00C0      		rjmp .L10
 177               	.LSM36:
 178 00f2 19BC      		out 73-32,__zero_reg__
 179 00f4 89B5      		in r24,73-32
 180 00f6 8260      		ori r24,lo8(2)
 181 00f8 89BD      		out 73-32,r24
 182               	.L11:
 183               	.LSM37:
 184 00fa 09B4      		in __tmp_reg__,73-32
 185 00fc 00FE      		sbrs __tmp_reg__,0
 186 00fe 00C0      		rjmp .L11
 187               	.LSM38:
 188 0100 8091 D800 		lds r24,216
 189 0104 8F7D      		andi r24,lo8(-33)
 190 0106 8093 D800 		sts 216,r24
 191               	.LSM39:
 192 010a 8091 E100 		lds r24,225
 193 010e 8F7E      		andi r24,lo8(-17)
 194 0110 8093 E100 		sts 225,r24
 195               	.LSM40:
 196 0114 8091 E200 		lds r24,226
 197 0118 8F7E      		andi r24,lo8(-17)
 198 011a 8093 E200 		sts 226,r24
 199               	.LSM41:
 200 011e 8091 E200 		lds r24,226
 201 0122 8160      		ori r24,lo8(1)
 202 0124 8093 E200 		sts 226,r24
 203               	.LSM42:
 204 0128 1092 0000 		sts USB_IsSuspended,__zero_reg__
 205               	.LSM43:
 206 012c 0E94 0000 		call EVENT_USB_WakeUp
 207               	.L10:
 208               	.LSM44:
 209 0130 8091 E100 		lds r24,225
 210 0134 83FF      		sbrs r24,3
 211 0136 00C0      		rjmp .L13
 212 0138 8091 E200 		lds r24,226
 213 013c 83FF      		sbrs r24,3
 214 013e 00C0      		rjmp .L13
 215               	.LSM45:
 216 0140 8091 E100 		lds r24,225
 217 0144 877F      		andi r24,lo8(-9)
 218 0146 8093 E100 		sts 225,r24
 219               	.LSM46:
 220 014a 1092 0000 		sts USB_ConfigurationNumber,__zero_reg__
 221               	.LSM47:
 222 014e 8091 E100 		lds r24,225
 223 0152 8E7F      		andi r24,lo8(-2)
 224 0154 8093 E100 		sts 225,r24
 225               	.LSM48:
 226 0158 8091 E200 		lds r24,226
 227 015c 8E7F      		andi r24,lo8(-2)
 228 015e 8093 E200 		sts 226,r24
 229               	.LSM49:
 230 0162 8091 E200 		lds r24,226
 231 0166 8061      		ori r24,lo8(16)
 232 0168 8093 E200 		sts 226,r24
 233               	.LSM50:
 234 016c 0E94 0000 		call Endpoint_ClearEndpoints
 235               	.LSM51:
 236 0170 80E0      		ldi r24,lo8(0)
 237 0172 60E0      		ldi r22,lo8(0)
 238 0174 42E0      		ldi r20,lo8(2)
 239 0176 0E94 0000 		call Endpoint_ConfigureEndpoint_Prv
 240               	.LSM52:
 241 017a 0E94 0000 		call EVENT_USB_Reset
 242               	.L13:
 243               	/* epilogue start */
 244               	.LSM53:
 245 017e FF91      		pop r31
 246 0180 EF91      		pop r30
 247 0182 BF91      		pop r27
 248 0184 AF91      		pop r26
 249 0186 9F91      		pop r25
 250 0188 8F91      		pop r24
 251 018a 7F91      		pop r23
 252 018c 6F91      		pop r22
 253 018e 5F91      		pop r21
 254 0190 4F91      		pop r20
 255 0192 3F91      		pop r19
 256 0194 2F91      		pop r18
 257 0196 0F90      		pop r0
 258 0198 0FBE      		out __SREG__,r0
 259 019a 0F90      		pop r0
 260 019c 1F90      		pop __zero_reg__
 261 019e 1895      		reti
 262               	.LFE31:
 304               	.Letext0:
DEFINED SYMBOLS
                            *ABS*:00000000 USBInterrupt.c
C:\Users\andz\AppData\Local\Temp/ccQKDoCW.s:2      *ABS*:0000003f __SREG__
C:\Users\andz\AppData\Local\Temp/ccQKDoCW.s:3      *ABS*:0000003e __SP_H__
C:\Users\andz\AppData\Local\Temp/ccQKDoCW.s:4      *ABS*:0000003d __SP_L__
C:\Users\andz\AppData\Local\Temp/ccQKDoCW.s:5      *ABS*:00000034 __CCP__
C:\Users\andz\AppData\Local\Temp/ccQKDoCW.s:6      *ABS*:00000000 __tmp_reg__
C:\Users\andz\AppData\Local\Temp/ccQKDoCW.s:7      *ABS*:00000001 __zero_reg__
C:\Users\andz\AppData\Local\Temp/ccQKDoCW.s:19     .text.USB_INT_DisableAllInterrupts:00000000 USB_INT_DisableAllInterrupts
C:\Users\andz\AppData\Local\Temp/ccQKDoCW.s:40     .text.USB_INT_ClearAllInterrupts:00000000 USB_INT_ClearAllInterrupts
C:\Users\andz\AppData\Local\Temp/ccQKDoCW.s:57     .text.__vector_10:00000000 __vector_10

UNDEFINED SYMBOLS
EVENT_USB_VBUSChange
EVENT_USB_VBUSConnect
USB_IsConnected
EVENT_USB_Disconnect
USB_ResetInterface
EVENT_USB_Connect
EVENT_USB_VBUSDisconnect
USB_IsSuspended
EVENT_USB_Suspend
EVENT_USB_WakeUp
USB_ConfigurationNumber
Endpoint_ClearEndpoints
Endpoint_ConfigureEndpoint_Prv
EVENT_USB_Reset
