---------------------------------------
Resource Usage Report for top 

Mapping to part: ice40hx4ktq144
Cell usage:
GND             33 uses
SB_CARRY        217 uses
SB_DFF          883 uses
SB_DFFE         772 uses
SB_DFFNER       27 uses
SB_DFFNES       13 uses
SB_DFFNR        32 uses
SB_DFFNS        32 uses
SB_DFFR         3 uses
SB_DFFSR        96 uses
SB_DFFSS        20 uses
SB_GB           7 uses
SB_RAM1024x4    12 uses
SB_RAM256x16    3 uses
VCC             33 uses
SB_LUT4         1570 uses

I/O ports: 102
I/O primitives: 66
SB_GB_IO       1 use
SB_IO          65 uses

I/O Register bits:                  0
Register bits not including I/Os:   1878 (53%)

RAM/ROM usage summary
Block Rams : 15 of 20 (75%)


Mapping Summary:
Total  LUTs: 1570 (44%)

Distribution of All Consumed LUTs = LUT4 
Distribution of All Consumed Luts 1570 = 1570 

