Flow report for top
Mon May 03 21:38:53 2010
Quartus II Version 9.1 Build 222 10/21/2009 SJ Web Edition


---------------------
; Table of Contents ;
---------------------
  1. Legal Notice
  2. Flow Summary
  3. Flow Settings
  4. Flow Non-Default Global Settings
  5. Flow Elapsed Time
  6. Flow OS Summary
  7. Flow Log



----------------
; Legal Notice ;
----------------
Copyright (C) 1991-2009 Altera Corporation
Your use of Altera Corporation's design tools, logic functions 
and other software and tools, and its AMPP partner logic 
functions, and any output files from any of the foregoing 
(including device programming or simulation files), and any 
associated documentation or information are expressly subject 
to the terms and conditions of the Altera Program License 
Subscription Agreement, Altera MegaCore Function License 
Agreement, or other applicable license agreement, including, 
without limitation, that your use is for the sole purpose of 
programming logic devices manufactured by Altera and sold by 
Altera or its authorized distributors.  Please refer to the 
applicable agreement for further details.



+-------------------------------------------------------------------+
; Flow Summary                                                      ;
+-------------------------+-----------------------------------------+
; Flow Status             ; Successful - Mon May 03 21:38:53 2010   ;
; Quartus II Version      ; 9.1 Build 222 10/21/2009 SJ Web Edition ;
; Revision Name           ; top                                     ;
; Top-level Entity Name   ; top                                     ;
; Family                  ; MAX II                                  ;
; Device                  ; EPM240T100C4                            ;
; Timing Models           ; Final                                   ;
; Met timing requirements ; Yes                                     ;
; Total logic elements    ; 0 / 240 ( 0 % )                         ;
; Total pins              ; 77 / 80 ( 96 % )                        ;
; Total virtual pins      ; 0                                       ;
; UFM blocks              ; 0 / 1 ( 0 % )                           ;
+-------------------------+-----------------------------------------+


+-----------------------------------------+
; Flow Settings                           ;
+-------------------+---------------------+
; Option            ; Setting             ;
+-------------------+---------------------+
; Start date & time ; 05/03/2010 21:38:03 ;
; Main task         ; Compilation         ;
; Revision Name     ; top                 ;
+-------------------+---------------------+


+-----------------------------------------------------------------------------------------------------------------------------------------------------------+
; Flow Non-Default Global Settings                                                                                                                          ;
+---------------------------------------+--------------------------------------------------------------------+---------------+-------------+----------------+
; Assignment Name                       ; Value                                                              ; Default Value ; Entity Name ; Section Id     ;
+---------------------------------------+--------------------------------------------------------------------+---------------+-------------+----------------+
; COMPILER_SIGNATURE_ID                 ; 53391659472.127291548204092                                        ; --            ; --          ; --             ;
; EDA_ENABLE_GLITCH_FILTERING           ; On                                                                 ; --            ; --          ; eda_simulation ;
; EDA_MAP_ILLEGAL_CHARACTERS            ; On                                                                 ; --            ; --          ; eda_simulation ;
; EDA_OUTPUT_DATA_FORMAT                ; Vhdl                                                               ; --            ; --          ; eda_simulation ;
; EDA_SIMULATION_TOOL                   ; ModelSim-Altera (VHDL)                                             ; <None>        ; --          ; --             ;
; MAX_CORE_JUNCTION_TEMP                ; 85                                                                 ; --            ; --          ; --             ;
; MIN_CORE_JUNCTION_TEMP                ; 0                                                                  ; --            ; --          ; --             ;
; MISC_FILE                             ; C:/Users/andz/workspace/Quartus/tple/top.dpf                       ; --            ; --          ; --             ;
; MISC_FILE                             ; C:/Users/andz/Desktop/sta_SVN/PLD_Firmware/Quartus_project/top.dpf ; --            ; --          ; --             ;
; POWER_EXT_SUPPLY_VOLTAGE_TO_REGULATOR ; 3.3V                                                               ; --            ; --          ; --             ;
; POWER_PRESET_COOLING_SOLUTION         ; No Heat Sink With Still Air                                        ; --            ; --          ; --             ;
; USE_GENERATED_PHYSICAL_CONSTRAINTS    ; Off                                                                ; --            ; --          ; eda_blast_fpga ;
+---------------------------------------+--------------------------------------------------------------------+---------------+-------------+----------------+


+-----------------------------------------------------------------------------------------------------------------------------+
; Flow Elapsed Time                                                                                                           ;
+-------------------------+--------------+-------------------------+---------------------+------------------------------------+
; Module Name             ; Elapsed Time ; Average Processors Used ; Peak Virtual Memory ; Total CPU Time (on all processors) ;
+-------------------------+--------------+-------------------------+---------------------+------------------------------------+
; Analysis & Synthesis    ; 00:00:13     ; 1.0                     ; 208 MB              ; 00:00:07                           ;
; Fitter                  ; 00:00:10     ; 1.0                     ; 186 MB              ; 00:00:07                           ;
; Assembler               ; 00:00:03     ; 1.0                     ; 170 MB              ; 00:00:02                           ;
; Classic Timing Analyzer ; 00:00:02     ; 1.0                     ; 140 MB              ; 00:00:03                           ;
; EDA Netlist Writer      ; 00:00:01     ; 1.0                     ; 151 MB              ; 00:00:02                           ;
; Total                   ; 00:00:29     ; --                      ; --                  ; 00:00:21                           ;
+-------------------------+--------------+-------------------------+---------------------+------------------------------------+


+------------------------------------------------------------------------------------------+
; Flow OS Summary                                                                          ;
+-------------------------+------------------+---------------+------------+----------------+
; Module Name             ; Machine Hostname ; OS Name       ; OS Version ; Processor type ;
+-------------------------+------------------+---------------+------------+----------------+
; Analysis & Synthesis    ; SLYDER           ; Windows Vista ; 6.1        ; i1586          ;
; Fitter                  ; SLYDER           ; Windows Vista ; 6.1        ; i1586          ;
; Assembler               ; SLYDER           ; Windows Vista ; 6.1        ; i1586          ;
; Classic Timing Analyzer ; SLYDER           ; Windows Vista ; 6.1        ; i1586          ;
; EDA Netlist Writer      ; SLYDER           ; Windows Vista ; 6.1        ; i1586          ;
+-------------------------+------------------+---------------+------------+----------------+


------------
; Flow Log ;
------------
quartus_map --read_settings_files=on --write_settings_files=off usb_tple -c top
quartus_fit --read_settings_files=off --write_settings_files=off usb_tple -c top
quartus_asm --read_settings_files=off --write_settings_files=off usb_tple -c top
quartus_tan --read_settings_files=off --write_settings_files=off usb_tple -c top
quartus_eda --read_settings_files=off --write_settings_files=off usb_tple -c top



