Analysis & Synthesis report for top
Mon May 03 21:38:12 2010
Quartus II Version 9.1 Build 222 10/21/2009 SJ Web Edition


---------------------
; Table of Contents ;
---------------------
  1. Legal Notice
  2. Analysis & Synthesis Summary
  3. Analysis & Synthesis Settings
  4. Analysis & Synthesis Source Files Read
  5. Analysis & Synthesis Resource Usage Summary
  6. Analysis & Synthesis Resource Utilization by Entity
  7. General Register Statistics
  8. Analysis & Synthesis Messages



----------------
; Legal Notice ;
----------------
Copyright (C) 1991-2009 Altera Corporation
Your use of Altera Corporation's design tools, logic functions 
and other software and tools, and its AMPP partner logic 
functions, and any output files from any of the foregoing 
(including device programming or simulation files), and any 
associated documentation or information are expressly subject 
to the terms and conditions of the Altera Program License 
Subscription Agreement, Altera MegaCore Function License 
Agreement, or other applicable license agreement, including, 
without limitation, that your use is for the sole purpose of 
programming logic devices manufactured by Altera and sold by 
Altera or its authorized distributors.  Please refer to the 
applicable agreement for further details.



+-----------------------------------------------------------------------+
; Analysis & Synthesis Summary                                          ;
+-----------------------------+-----------------------------------------+
; Analysis & Synthesis Status ; Successful - Mon May 03 21:38:12 2010   ;
; Quartus II Version          ; 9.1 Build 222 10/21/2009 SJ Web Edition ;
; Revision Name               ; top                                     ;
; Top-level Entity Name       ; top                                     ;
; Family                      ; MAX II                                  ;
; Total logic elements        ; 0                                       ;
; Total pins                  ; 77                                      ;
; Total virtual pins          ; 0                                       ;
; UFM blocks                  ; 0 / 1 ( 0 % )                           ;
+-----------------------------+-----------------------------------------+


+----------------------------------------------------------------------------------------------------------------------+
; Analysis & Synthesis Settings                                                                                        ;
+----------------------------------------------------------------------------+--------------------+--------------------+
; Option                                                                     ; Setting            ; Default Value      ;
+----------------------------------------------------------------------------+--------------------+--------------------+
; Device                                                                     ; EPM240T100C4       ;                    ;
; Top-level entity name                                                      ; top                ; top                ;
; Family name                                                                ; MAX II             ; Stratix II         ;
; Use Generated Physical Constraints File                                    ; Off                ;                    ;
; Use smart compilation                                                      ; Off                ; Off                ;
; Enable parallel Assembler and TimeQuest Timing Analyzer during compilation ; On                 ; On                 ;
; Enable compact report table                                                ; Off                ; Off                ;
; Restructure Multiplexers                                                   ; Auto               ; Auto               ;
; Create Debugging Nodes for IP Cores                                        ; Off                ; Off                ;
; Preserve fewer node names                                                  ; On                 ; On                 ;
; Disable OpenCore Plus hardware evaluation                                  ; Off                ; Off                ;
; Verilog Version                                                            ; Verilog_2001       ; Verilog_2001       ;
; VHDL Version                                                               ; VHDL_1993          ; VHDL_1993          ;
; State Machine Processing                                                   ; Auto               ; Auto               ;
; Safe State Machine                                                         ; Off                ; Off                ;
; Extract Verilog State Machines                                             ; On                 ; On                 ;
; Extract VHDL State Machines                                                ; On                 ; On                 ;
; Ignore Verilog initial constructs                                          ; Off                ; Off                ;
; Iteration limit for constant Verilog loops                                 ; 5000               ; 5000               ;
; Iteration limit for non-constant Verilog loops                             ; 250                ; 250                ;
; Add Pass-Through Logic to Inferred RAMs                                    ; On                 ; On                 ;
; Parallel Synthesis                                                         ; On                 ; On                 ;
; NOT Gate Push-Back                                                         ; On                 ; On                 ;
; Power-Up Don't Care                                                        ; On                 ; On                 ;
; Remove Redundant Logic Cells                                               ; Off                ; Off                ;
; Remove Duplicate Registers                                                 ; On                 ; On                 ;
; Ignore CARRY Buffers                                                       ; Off                ; Off                ;
; Ignore CASCADE Buffers                                                     ; Off                ; Off                ;
; Ignore GLOBAL Buffers                                                      ; Off                ; Off                ;
; Ignore ROW GLOBAL Buffers                                                  ; Off                ; Off                ;
; Ignore LCELL Buffers                                                       ; Off                ; Off                ;
; Ignore SOFT Buffers                                                        ; On                 ; On                 ;
; Limit AHDL Integers to 32 Bits                                             ; Off                ; Off                ;
; Optimization Technique                                                     ; Balanced           ; Balanced           ;
; Carry Chain Length                                                         ; 70                 ; 70                 ;
; Auto Carry Chains                                                          ; On                 ; On                 ;
; Auto Open-Drain Pins                                                       ; On                 ; On                 ;
; Perform WYSIWYG Primitive Resynthesis                                      ; Off                ; Off                ;
; Auto Shift Register Replacement                                            ; Auto               ; Auto               ;
; Auto Clock Enable Replacement                                              ; On                 ; On                 ;
; Allow Synchronous Control Signals                                          ; On                 ; On                 ;
; Force Use of Synchronous Clear Signals                                     ; Off                ; Off                ;
; Auto Resource Sharing                                                      ; Off                ; Off                ;
; Use LogicLock Constraints during Resource Balancing                        ; On                 ; On                 ;
; Ignore translate_off and synthesis_off directives                          ; Off                ; Off                ;
; Show Parameter Settings Tables in Synthesis Report                         ; On                 ; On                 ;
; Ignore Maximum Fan-Out Assignments                                         ; Off                ; Off                ;
; Synchronization Register Chain Length                                      ; 2                  ; 2                  ;
; PowerPlay Power Optimization                                               ; Normal compilation ; Normal compilation ;
; HDL message level                                                          ; Level2             ; Level2             ;
; Suppress Register Optimization Related Messages                            ; Off                ; Off                ;
; Number of Removed Registers Reported in Synthesis Report                   ; 100                ; 100                ;
; Number of Inverted Registers Reported in Synthesis Report                  ; 100                ; 100                ;
; Clock MUX Protection                                                       ; On                 ; On                 ;
; Block Design Naming                                                        ; Auto               ; Auto               ;
; Synthesis Effort                                                           ; Auto               ; Auto               ;
; Shift Register Replacement - Allow Asynchronous Clear Signal               ; On                 ; On                 ;
; Analysis & Synthesis Message Level                                         ; Medium             ; Medium             ;
; Disable Register Merging Across Hierarchies                                ; Auto               ; Auto               ;
+----------------------------------------------------------------------------+--------------------+--------------------+


+-------------------------------------------------------------------------------------------------------------------------------------+
; Analysis & Synthesis Source Files Read                                                                                              ;
+----------------------------------+-----------------+-----------------+--------------------------------------------------------------+
; File Name with User-Entered Path ; Used in Netlist ; File Type       ; File Name with Absolute Path                                 ;
+----------------------------------+-----------------+-----------------+--------------------------------------------------------------+
; ../src/VHDL/top.vhdl             ; yes             ; User VHDL File  ; C:/Users/andz/Desktop/sta_SVN/PLD_Firmware/src/VHDL/top.vhdl ;
+----------------------------------+-----------------+-----------------+--------------------------------------------------------------+


+-----------------------------------------------------+
; Analysis & Synthesis Resource Usage Summary         ;
+---------------------------------------------+-------+
; Resource                                    ; Usage ;
+---------------------------------------------+-------+
; Total logic elements                        ; 0     ;
;     -- Combinational with no register       ; 0     ;
;     -- Register only                        ; 0     ;
;     -- Combinational with a register        ; 0     ;
;                                             ;       ;
; Logic element usage by number of LUT inputs ;       ;
;     -- 4 input functions                    ; 0     ;
;     -- 3 input functions                    ; 0     ;
;     -- 2 input functions                    ; 0     ;
;     -- 1 input functions                    ; 0     ;
;     -- 0 input functions                    ; 0     ;
;                                             ;       ;
; Logic elements by mode                      ;       ;
;     -- normal mode                          ; 0     ;
;     -- arithmetic mode                      ; 0     ;
;     -- qfbk mode                            ; 0     ;
;     -- register cascade mode                ; 0     ;
;     -- synchronous clear/load mode          ; 0     ;
;     -- asynchronous clear/load mode         ; 0     ;
;                                             ;       ;
; Total registers                             ; 0     ;
; I/O pins                                    ; 77    ;
+---------------------------------------------+-------+


+----------------------------------------------------------------------------------------------------------------------------------------------------------------------------------------------------------------------+
; Analysis & Synthesis Resource Utilization by Entity                                                                                                                                                                  ;
+----------------------------+-------------+--------------+------------+------+--------------+--------------+-------------------+------------------+-----------------+------------+---------------------+--------------+
; Compilation Hierarchy Node ; Logic Cells ; LC Registers ; UFM Blocks ; Pins ; Virtual Pins ; LUT-Only LCs ; Register-Only LCs ; LUT/Register LCs ; Carry Chain LCs ; Packed LCs ; Full Hierarchy Name ; Library Name ;
+----------------------------+-------------+--------------+------------+------+--------------+--------------+-------------------+------------------+-----------------+------------+---------------------+--------------+
; |top                       ; 0 (0)       ; 0            ; 0          ; 77   ; 0            ; 0 (0)        ; 0 (0)             ; 0 (0)            ; 0 (0)           ; 0 (0)      ; |top                ; work         ;
+----------------------------+-------------+--------------+------------+------+--------------+--------------+-------------------+------------------+-----------------+------------+---------------------+--------------+
Note: For table entries with two numbers listed, the numbers in parentheses indicate the number of resources of the given type used by the specific entity alone. The numbers listed outside of parentheses indicate the total resources of the given type used by the specific entity and all of its sub-entities in the hierarchy.


+------------------------------------------------------+
; General Register Statistics                          ;
+----------------------------------------------+-------+
; Statistic                                    ; Value ;
+----------------------------------------------+-------+
; Total registers                              ; 0     ;
; Number of registers using Synchronous Clear  ; 0     ;
; Number of registers using Synchronous Load   ; 0     ;
; Number of registers using Asynchronous Clear ; 0     ;
; Number of registers using Asynchronous Load  ; 0     ;
; Number of registers using Clock Enable       ; 0     ;
; Number of registers using Preset             ; 0     ;
+----------------------------------------------+-------+


+-------------------------------+
; Analysis & Synthesis Messages ;
+-------------------------------+
Info: *******************************************************************
Info: Running Quartus II Analysis & Synthesis
    Info: Version 9.1 Build 222 10/21/2009 SJ Web Edition
    Info: Processing started: Mon May 03 21:37:59 2010
Info: Command: quartus_map --read_settings_files=on --write_settings_files=off usb_tple -c top
Info: Found 2 design units, including 1 entities, in source file /users/andz/desktop/sta_svn/pld_firmware/src/vhdl/adress_counter.vhdl
    Info: Found design unit 1: adress_counter-RTL
    Info: Found entity 1: adress_counter
Info: Found 2 design units, including 1 entities, in source file /users/andz/desktop/sta_svn/pld_firmware/src/vhdl/mega_connector.vhdl
    Info: Found design unit 1: mega_connector-RTL
    Info: Found entity 1: mega_connector
Info: Found 2 design units, including 1 entities, in source file /users/andz/desktop/sta_svn/pld_firmware/src/vhdl/time_counter.vhdl
    Info: Found design unit 1: time_counter-RTL
    Info: Found entity 1: time_counter
Info: Found 2 design units, including 1 entities, in source file /users/andz/desktop/sta_svn/pld_firmware/src/vhdl/top.vhdl
    Info: Found design unit 1: top-RTL
    Info: Found entity 1: top
Info: Elaborating entity "top" for the top level hierarchy
Warning (10541): VHDL Signal Declaration warning at top.vhdl(32): used implicit default value for signal "mem_adr" because signal was never assigned a value or an explicit default value. Use of implicit default value may introduce unintended design optimizations.
Warning (10541): VHDL Signal Declaration warning at top.vhdl(34): used implicit default value for signal "mem_oe" because signal was never assigned a value or an explicit default value. Use of implicit default value may introduce unintended design optimizations.
Warning (10541): VHDL Signal Declaration warning at top.vhdl(35): used implicit default value for signal "mem_we" because signal was never assigned a value or an explicit default value. Use of implicit default value may introduce unintended design optimizations.
Warning (10541): VHDL Signal Declaration warning at top.vhdl(36): used implicit default value for signal "mem_ce1" because signal was never assigned a value or an explicit default value. Use of implicit default value may introduce unintended design optimizations.
Warning (10541): VHDL Signal Declaration warning at top.vhdl(37): used implicit default value for signal "mem_ce2" because signal was never assigned a value or an explicit default value. Use of implicit default value may introduce unintended design optimizations.
Warning (10541): VHDL Signal Declaration warning at top.vhdl(38): used implicit default value for signal "mem_ub" because signal was never assigned a value or an explicit default value. Use of implicit default value may introduce unintended design optimizations.
Warning (10541): VHDL Signal Declaration warning at top.vhdl(39): used implicit default value for signal "mem_lb" because signal was never assigned a value or an explicit default value. Use of implicit default value may introduce unintended design optimizations.
Warning (10541): VHDL Signal Declaration warning at top.vhdl(42): used implicit default value for signal "mega_int" because signal was never assigned a value or an explicit default value. Use of implicit default value may introduce unintended design optimizations.
Warning (10541): VHDL Signal Declaration warning at top.vhdl(48): used implicit default value for signal "io_dir" because signal was never assigned a value or an explicit default value. Use of implicit default value may introduce unintended design optimizations.
Warning: The following bidir pins have no drivers
    Warning: Bidir "mem_data[0]" has no driver
    Warning: Bidir "mem_data[1]" has no driver
    Warning: Bidir "mem_data[2]" has no driver
    Warning: Bidir "mem_data[3]" has no driver
    Warning: Bidir "mem_data[4]" has no driver
    Warning: Bidir "mem_data[5]" has no driver
    Warning: Bidir "mem_data[6]" has no driver
    Warning: Bidir "mem_data[7]" has no driver
    Warning: Bidir "mem_data[8]" has no driver
    Warning: Bidir "mem_data[9]" has no driver
    Warning: Bidir "mem_data[10]" has no driver
    Warning: Bidir "mem_data[11]" has no driver
    Warning: Bidir "mem_data[12]" has no driver
    Warning: Bidir "mem_data[13]" has no driver
    Warning: Bidir "mem_data[14]" has no driver
    Warning: Bidir "mem_data[15]" has no driver
    Warning: Bidir "mega_data[0]" has no driver
    Warning: Bidir "mega_data[1]" has no driver
    Warning: Bidir "mega_data[2]" has no driver
    Warning: Bidir "mega_data[3]" has no driver
    Warning: Bidir "io_data[0]" has no driver
    Warning: Bidir "io_data[1]" has no driver
    Warning: Bidir "io_data[2]" has no driver
    Warning: Bidir "io_data[3]" has no driver
    Warning: Bidir "io_data[4]" has no driver
    Warning: Bidir "io_data[5]" has no driver
    Warning: Bidir "io_data[6]" has no driver
    Warning: Bidir "io_data[7]" has no driver
    Warning: Bidir "io_data[8]" has no driver
    Warning: Bidir "io_data[9]" has no driver
    Warning: Bidir "io_data[10]" has no driver
    Warning: Bidir "io_data[11]" has no driver
    Warning: Bidir "io_data[12]" has no driver
    Warning: Bidir "io_data[13]" has no driver
    Warning: Bidir "io_data[14]" has no driver
    Warning: Bidir "io_data[15]" has no driver
    Warning: Bidir "io_data[16]" has no driver
    Warning: Bidir "io_data[17]" has no driver
    Warning: Bidir "io_data[18]" has no driver
    Warning: Bidir "io_data[19]" has no driver
    Warning: Bidir "io_data[20]" has no driver
    Warning: Bidir "io_data[21]" has no driver
    Warning: Bidir "io_data[22]" has no driver
    Warning: Bidir "io_data[23]" has no driver
Warning: Output pins are stuck at VCC or GND
    Warning (13410): Pin "mem_adr[0]" is stuck at GND
    Warning (13410): Pin "mem_adr[1]" is stuck at GND
    Warning (13410): Pin "mem_adr[2]" is stuck at GND
    Warning (13410): Pin "mem_adr[3]" is stuck at GND
    Warning (13410): Pin "mem_adr[4]" is stuck at GND
    Warning (13410): Pin "mem_adr[5]" is stuck at GND
    Warning (13410): Pin "mem_adr[6]" is stuck at GND
    Warning (13410): Pin "mem_adr[7]" is stuck at GND
    Warning (13410): Pin "mem_adr[8]" is stuck at GND
    Warning (13410): Pin "mem_adr[9]" is stuck at GND
    Warning (13410): Pin "mem_adr[10]" is stuck at GND
    Warning (13410): Pin "mem_adr[11]" is stuck at GND
    Warning (13410): Pin "mem_adr[12]" is stuck at GND
    Warning (13410): Pin "mem_adr[13]" is stuck at GND
    Warning (13410): Pin "mem_adr[14]" is stuck at GND
    Warning (13410): Pin "mem_adr[15]" is stuck at GND
    Warning (13410): Pin "mem_adr[16]" is stuck at GND
    Warning (13410): Pin "mem_adr[17]" is stuck at GND
    Warning (13410): Pin "mem_oe" is stuck at GND
    Warning (13410): Pin "mem_we" is stuck at GND
    Warning (13410): Pin "mem_ce1" is stuck at GND
    Warning (13410): Pin "mem_ce2" is stuck at GND
    Warning (13410): Pin "mem_ub" is stuck at GND
    Warning (13410): Pin "mem_lb" is stuck at GND
    Warning (13410): Pin "mega_int" is stuck at GND
    Warning (13410): Pin "io_dir" is stuck at GND
Warning: Design contains 7 input pin(s) that do not drive logic
    Warning (15610): No output dependent on input pin "clk100"
    Warning (15610): No output dependent on input pin "ext_reset"
    Warning (15610): No output dependent on input pin "mega_clk"
    Warning (15610): No output dependent on input pin "mega_nib_sel"
    Warning (15610): No output dependent on input pin "mega_rw"
    Warning (15610): No output dependent on input pin "mega_reg_sel[0]"
    Warning (15610): No output dependent on input pin "mega_reg_sel[1]"
Info: Implemented 77 device resources after synthesis - the final resource count might be different
    Info: Implemented 7 input pins
    Info: Implemented 26 output pins
    Info: Implemented 44 bidirectional pins
Info: Quartus II Analysis & Synthesis was successful. 0 errors, 89 warnings
    Info: Peak virtual memory: 208 megabytes
    Info: Processing ended: Mon May 03 21:38:13 2010
    Info: Elapsed time: 00:00:14
    Info: Total CPU time (on all processors): 00:00:07


