   1               		.file	"USBInterrupt.c"
   2               	__SREG__ = 0x3f
   3               	__SP_H__ = 0x3e
   4               	__SP_L__ = 0x3d
   5               	__CCP__  = 0x34
   6               	__tmp_reg__ = 0
   7               	__zero_reg__ = 1
  15               	.Ltext0:
  16               		.section	.text.USB_INT_DisableAllInterrupts,"ax",@progbits
  17               	.global	USB_INT_DisableAllInterrupts
  19               	USB_INT_DisableAllInterrupts:
  20               	.LFB20:
  21               	.LSM0:
  22               	/* prologue: function */
  23               	/* frame size = 0 */
  24               	.LSM1:
  25 0000 E8ED      		ldi r30,lo8(216)
  26 0002 F0E0      		ldi r31,hi8(216)
  27 0004 8081      		ld r24,Z
  28 0006 8E7F      		andi r24,lo8(-2)
  29 0008 8083      		st Z,r24
  30               	.LSM2:
  31 000a 1092 E200 		sts 226,__zero_reg__
  32               	/* epilogue start */
  33               	.LSM3:
  34 000e 0895      		ret
  35               	.LFE20:
  37               		.section	.text.USB_INT_ClearAllInterrupts,"ax",@progbits
  38               	.global	USB_INT_ClearAllInterrupts
  40               	USB_INT_ClearAllInterrupts:
  41               	.LFB21:
  42               	.LSM4:
  43               	/* prologue: function */
  44               	/* frame size = 0 */
  45               	.LSM5:
  46 0000 1092 DA00 		sts 218,__zero_reg__
  47               	.LSM6:
  48 0004 1092 E100 		sts 225,__zero_reg__
  49               	/* epilogue start */
  50               	.LSM7:
  51 0008 0895      		ret
  52               	.LFE21:
  54               		.section	.text.__vector_10,"ax",@progbits
  55               	.global	__vector_10
  57               	__vector_10:
  58               	.LFB22:
  59               	.LSM8:
  60 0000 1F92      		push __zero_reg__
  61 0002 0F92      		push r0
  62 0004 0FB6      		in r0,__SREG__
  63 0006 0F92      		push r0
  64 0008 1124      		clr __zero_reg__
  65 000a 2F93      		push r18
  66 000c 3F93      		push r19
  67 000e 4F93      		push r20
  68 0010 5F93      		push r21
  69 0012 6F93      		push r22
  70 0014 7F93      		push r23
  71 0016 8F93      		push r24
  72 0018 9F93      		push r25
  73 001a AF93      		push r26
  74 001c BF93      		push r27
  75 001e EF93      		push r30
  76 0020 FF93      		push r31
  77               	/* prologue: Signal */
  78               	/* frame size = 0 */
  79               	.LSM9:
  80 0022 8091 DA00 		lds r24,218
  81 0026 80FF      		sbrs r24,0
  82 0028 00C0      		rjmp .L6
  83 002a 8091 D800 		lds r24,216
  84 002e 80FF      		sbrs r24,0
  85 0030 00C0      		rjmp .L6
  86               	.LSM10:
  87 0032 8091 DA00 		lds r24,218
  88 0036 8E7F      		andi r24,lo8(-2)
  89 0038 8093 DA00 		sts 218,r24
  90               	.LSM11:
  91 003c 8091 D900 		lds r24,217
  92 0040 80FF      		sbrs r24,0
  93 0042 00C0      		rjmp .L7
  94               	.LSM12:
  95 0044 81E0      		ldi r24,lo8(1)
  96 0046 8093 0000 		sts USB_DeviceState,r24
  97               	.LSM13:
  98 004a 0E94 0000 		call EVENT_USB_Device_Connect
  99 004e 00C0      		rjmp .L6
 100               	.L7:
 101               	.LSM14:
 102 0050 1092 0000 		sts USB_DeviceState,__zero_reg__
 103               	.LSM15:
 104 0054 0E94 0000 		call EVENT_USB_Device_Disconnect
 105               	.L6:
 106               	.LSM16:
 107 0058 8091 E100 		lds r24,225
 108 005c 80FF      		sbrs r24,0
 109 005e 00C0      		rjmp .L8
 110 0060 8091 E200 		lds r24,226
 111 0064 80FF      		sbrs r24,0
 112 0066 00C0      		rjmp .L8
 113               	.LSM17:
 114 0068 8091 E100 		lds r24,225
 115 006c 8E7F      		andi r24,lo8(-2)
 116 006e 8093 E100 		sts 225,r24
 117               	.LSM18:
 118 0072 8091 E200 		lds r24,226
 119 0076 8E7F      		andi r24,lo8(-2)
 120 0078 8093 E200 		sts 226,r24
 121               	.LSM19:
 122 007c 8091 E200 		lds r24,226
 123 0080 8061      		ori r24,lo8(16)
 124 0082 8093 E200 		sts 226,r24
 125               	.LSM20:
 126 0086 8091 D800 		lds r24,216
 127 008a 8062      		ori r24,lo8(32)
 128 008c 8093 D800 		sts 216,r24
 129               	.LSM21:
 130 0090 19BC      		out 73-32,__zero_reg__
 131               	.LSM22:
 132 0092 85E0      		ldi r24,lo8(5)
 133 0094 8093 0000 		sts USB_DeviceState,r24
 134               	.LSM23:
 135 0098 0E94 0000 		call EVENT_USB_Device_Suspend
 136               	.L8:
 137               	.LSM24:
 138 009c 8091 E100 		lds r24,225
 139 00a0 84FF      		sbrs r24,4
 140 00a2 00C0      		rjmp .L9
 141 00a4 8091 E200 		lds r24,226
 142 00a8 84FF      		sbrs r24,4
 143 00aa 00C0      		rjmp .L9
 144               	.LSM25:
 145 00ac 19BC      		out 73-32,__zero_reg__
 146 00ae 89B5      		in r24,73-32
 147 00b0 8260      		ori r24,lo8(2)
 148 00b2 89BD      		out 73-32,r24
 149               	.L10:
 150               	.LSM26:
 151 00b4 09B4      		in __tmp_reg__,73-32
 152 00b6 00FE      		sbrs __tmp_reg__,0
 153 00b8 00C0      		rjmp .L10
 154               	.LSM27:
 155 00ba 8091 D800 		lds r24,216
 156 00be 8F7D      		andi r24,lo8(-33)
 157 00c0 8093 D800 		sts 216,r24
 158               	.LSM28:
 159 00c4 8091 E100 		lds r24,225
 160 00c8 8F7E      		andi r24,lo8(-17)
 161 00ca 8093 E100 		sts 225,r24
 162               	.LSM29:
 163 00ce 8091 E200 		lds r24,226
 164 00d2 8F7E      		andi r24,lo8(-17)
 165 00d4 8093 E200 		sts 226,r24
 166               	.LSM30:
 167 00d8 8091 E200 		lds r24,226
 168 00dc 8160      		ori r24,lo8(1)
 169 00de 8093 E200 		sts 226,r24
 170               	.LSM31:
 171 00e2 8091 0000 		lds r24,USB_ConfigurationNumber
 172 00e6 8823      		tst r24
 173 00e8 01F4      		brne .L11
 174 00ea 83E0      		ldi r24,lo8(3)
 175               	.LVL0:
 176 00ec 00C0      		rjmp .L12
 177               	.LVL1:
 178               	.L11:
 179 00ee 84E0      		ldi r24,lo8(4)
 180               	.LVL2:
 181               	.L12:
 182 00f0 8093 0000 		sts USB_DeviceState,r24
 183               	.LSM32:
 184 00f4 0E94 0000 		call EVENT_USB_Device_WakeUp
 185               	.LVL3:
 186               	.L9:
 187               	.LSM33:
 188 00f8 8091 E100 		lds r24,225
 189 00fc 83FF      		sbrs r24,3
 190 00fe 00C0      		rjmp .L13
 191 0100 8091 E200 		lds r24,226
 192 0104 83FF      		sbrs r24,3
 193 0106 00C0      		rjmp .L13
 194               	.LSM34:
 195 0108 8091 E100 		lds r24,225
 196 010c 877F      		andi r24,lo8(-9)
 197 010e 8093 E100 		sts 225,r24
 198               	.LSM35:
 199 0112 82E0      		ldi r24,lo8(2)
 200 0114 8093 0000 		sts USB_DeviceState,r24
 201               	.LSM36:
 202 0118 1092 0000 		sts USB_ConfigurationNumber,__zero_reg__
 203               	.LSM37:
 204 011c 8091 E100 		lds r24,225
 205 0120 8E7F      		andi r24,lo8(-2)
 206 0122 8093 E100 		sts 225,r24
 207               	.LSM38:
 208 0126 8091 E200 		lds r24,226
 209 012a 8E7F      		andi r24,lo8(-2)
 210 012c 8093 E200 		sts 226,r24
 211               	.LSM39:
 212 0130 8091 E200 		lds r24,226
 213 0134 8061      		ori r24,lo8(16)
 214 0136 8093 E200 		sts 226,r24
 215               	.LSM40:
 216 013a 0E94 0000 		call Endpoint_ClearEndpoints
 217               	.LSM41:
 218 013e 80E0      		ldi r24,lo8(0)
 219 0140 60E0      		ldi r22,lo8(0)
 220 0142 42E0      		ldi r20,lo8(2)
 221 0144 0E94 0000 		call Endpoint_ConfigureEndpoint_Prv
 222               	.LSM42:
 223 0148 0E94 0000 		call EVENT_USB_Device_Reset
 224               	.L13:
 225               	.LSM43:
 226 014c 8091 E100 		lds r24,225
 227 0150 82FF      		sbrs r24,2
 228 0152 00C0      		rjmp .L15
 229 0154 8091 E200 		lds r24,226
 230 0158 82FF      		sbrs r24,2
 231 015a 00C0      		rjmp .L15
 232               	.LSM44:
 233 015c 8091 E100 		lds r24,225
 234 0160 8B7F      		andi r24,lo8(-5)
 235 0162 8093 E100 		sts 225,r24
 236               	.LSM45:
 237 0166 0E94 0000 		call EVENT_USB_Device_StartOfFrame
 238               	.L15:
 239               	/* epilogue start */
 240               	.LSM46:
 241 016a FF91      		pop r31
 242 016c EF91      		pop r30
 243 016e BF91      		pop r27
 244 0170 AF91      		pop r26
 245 0172 9F91      		pop r25
 246 0174 8F91      		pop r24
 247 0176 7F91      		pop r23
 248 0178 6F91      		pop r22
 249 017a 5F91      		pop r21
 250 017c 4F91      		pop r20
 251 017e 3F91      		pop r19
 252 0180 2F91      		pop r18
 253 0182 0F90      		pop r0
 254 0184 0FBE      		out __SREG__,r0
 255 0186 0F90      		pop r0
 256 0188 1F90      		pop __zero_reg__
 257 018a 1895      		reti
 258               	.LFE22:
 300               	.Letext0:
DEFINED SYMBOLS
                            *ABS*:00000000 USBInterrupt.c
C:\Users\andz\AppData\Local\Temp/ccdBbawk.s:2      *ABS*:0000003f __SREG__
C:\Users\andz\AppData\Local\Temp/ccdBbawk.s:3      *ABS*:0000003e __SP_H__
C:\Users\andz\AppData\Local\Temp/ccdBbawk.s:4      *ABS*:0000003d __SP_L__
C:\Users\andz\AppData\Local\Temp/ccdBbawk.s:5      *ABS*:00000034 __CCP__
C:\Users\andz\AppData\Local\Temp/ccdBbawk.s:6      *ABS*:00000000 __tmp_reg__
C:\Users\andz\AppData\Local\Temp/ccdBbawk.s:7      *ABS*:00000001 __zero_reg__
C:\Users\andz\AppData\Local\Temp/ccdBbawk.s:19     .text.USB_INT_DisableAllInterrupts:00000000 USB_INT_DisableAllInterrupts
C:\Users\andz\AppData\Local\Temp/ccdBbawk.s:40     .text.USB_INT_ClearAllInterrupts:00000000 USB_INT_ClearAllInterrupts
C:\Users\andz\AppData\Local\Temp/ccdBbawk.s:57     .text.__vector_10:00000000 __vector_10

UNDEFINED SYMBOLS
USB_DeviceState
EVENT_USB_Device_Connect
EVENT_USB_Device_Disconnect
EVENT_USB_Device_Suspend
USB_ConfigurationNumber
EVENT_USB_Device_WakeUp
Endpoint_ClearEndpoints
Endpoint_ConfigureEndpoint_Prv
EVENT_USB_Device_Reset
EVENT_USB_Device_StartOfFrame
