OUTPUT sram_a[16] 	 location (18, 0, 1) 	 60 	 
INPUT  pi_spi_mosi 	 location (25, 9, 1) 	 90 	 
INPUT  pi_spi_ce[1] 	 location (25, 3, 1) 	 78 	 
OUTPUT ok_led 	 location (24, 21, 1) 	 110 	 
INOUT gpio_pin[4] 	 location (6, 21, 1) 	 136 	 
INOUT gpio_pin[20] 	 location (0, 20, 1) 	 1 	 
INOUT gpio_pin[17] 	 location (3, 0, 1) 	 39 	 
OUTPUT sram_ub_l 	 location (25, 2, 0) 	 75 	 
INOUT gpio_pin[18] 	 location (2, 0, 1) 	 38 	 
OUTPUT sram_a[1] 	 location (0, 1, 1) 	 33 	 
INOUT gpio_pin[9] 	 location (18, 0, 0) 	 56 	 
OUTPUT xtra_a[2] 	 location (22, 21, 0) 	 116 	 
OUTPUT sram_a[8] 	 location (0, 19, 1) 	 3 	 
OUTPUT sram_a[12] 	 location (25, 19, 0) 	 105 	 
OUTPUT pi_spi_miso 	 location (25, 8, 1) 	 87 	 
INOUT gpio_pin[0] 	 location (4, 21, 0) 	 141 	 
INPUT  clk_100m 	 location (12, 0, 1) 	 49 	 
OUTPUT sram_oe_l 	 location (25, 2, 1) 	 76 	 
OUTPUT sram_ce_l 	 location (0, 7, 0) 	 24 	 
INOUT gpio_pin[13] 	 location (8, 0, 1) 	 45 	 
OUTPUT rsvd[0] 	 location (0, 18, 1) 	 7 	 
OUTPUT sram_a[15] 	 location (21, 0, 0) 	 62 	 
INOUT gpio_pin[5] 	 location (7, 21, 0) 	 135 	 
INOUT gpio_pin[21] 	 location (2, 21, 1) 	 144 	 
INOUT gpio_pin[16] 	 location (4, 0, 1) 	 41 	 
OUTPUT xtra_a[4] 	 location (20, 21, 0) 	 118 	 
OUTPUT sram_lb_l 	 location (25, 5, 0) 	 81 	 
OUTPUT sram_a[6] 	 location (0, 17, 1) 	 9 	 
OUTPUT rsvd[4] 	 location (0, 3, 0) 	 29 	 
INOUT gpio_pin[23] 	 location (3, 21, 1) 	 142 	 
INOUT gpio_pin[10] 	 location (11, 0, 1) 	 47 	 
OUTPUT xtra_a[3] 	 location (21, 21, 1) 	 117 	 
OUTPUT sram_a[9] 	 location (0, 20, 0) 	 2 	 
OUTPUT sram_a[11] 	 location (25, 19, 1) 	 106 	 
OUTPUT rsvd[3] 	 location (0, 3, 1) 	 28 	 
INOUT gpio_pin[19] 	 location (2, 0, 0) 	 37 	 
INOUT gpio_pin[1] 	 location (5, 21, 0) 	 139 	 
OUTPUT sram_a[0] 	 location (0, 1, 0) 	 34 	 
INOUT gpio_pin[8] 	 location (17, 0, 1) 	 55 	 
INOUT gpio_pin[12] 	 location (8, 0, 0) 	 44 	 
OUTPUT xtra_a[1] 	 location (18, 21, 0) 	 121 	 
OUTPUT sram_a[13] 	 location (25, 18, 1) 	 104 	 
OUTPUT rsvd[1] 	 location (0, 18, 0) 	 8 	 
INOUT gpio_pin[3] 	 location (6, 21, 0) 	 137 	 
OUTPUT sram_a[2] 	 location (0, 2, 0) 	 32 	 
OUTPUT sram_a[14] 	 location (25, 17, 0) 	 102 	 
OUTPUT sram_a[5] 	 location (0, 17, 0) 	 10 	 
INOUT gpio_pin[15] 	 location (7, 0, 1) 	 43 	 
OUTPUT sram_a[7] 	 location (0, 19, 0) 	 4 	 
OUTPUT rsvd[5] 	 location (0, 7, 1) 	 23 	 
OUTPUT sram_a[10] 	 location (25, 20, 0) 	 107 	 
INOUT gpio_pin[6] 	 location (7, 21, 1) 	 134 	 
INOUT gpio_pin[22] 	 location (3, 21, 0) 	 143 	 
INOUT gpio_pin[11] 	 location (12, 0, 0) 	 48 	 
OUTPUT rsvd[2] 	 location (0, 6, 0) 	 26 	 
OUTPUT ftdi_ro 	 location (15, 21, 0) 	 124 	 
OUTPUT sram_a[3] 	 location (0, 2, 1) 	 31 	 
OUTPUT xtra_a[0] 	 location (19, 21, 0) 	 120 	 
INOUT gpio_pin[2] 	 location (5, 21, 1) 	 138 	 
INOUT gpio_pin[14] 	 location (5, 0, 0) 	 42 	 
OUTPUT sram_we_l 	 location (0, 15, 1) 	 11 	 
OUTPUT sram_a[4] 	 location (0, 6, 1) 	 25 	 
INPUT  pi_spi_sck 	 location (25, 4, 0) 	 79 	 
OUTPUT sram_a[17] 	 location (19, 0, 0) 	 61 	 
INOUT gpio_pin[7] 	 location (9, 21, 1) 	 130 	 
OUTPUT ftdi_wo 	 location (19, 21, 1) 	 119 	 
