   1               		.file	"Descriptors.c"
   2               	__SREG__ = 0x3f
   3               	__SP_H__ = 0x3e
   4               	__SP_L__ = 0x3d
   5               	__CCP__  = 0x34
   6               	__tmp_reg__ = 0
   7               	__zero_reg__ = 1
  15               	.Ltext0:
  16               		.section	.text.CALLBACK_USB_GetDescriptor,"ax",@progbits
  17               	.global	CALLBACK_USB_GetDescriptor
  19               	CALLBACK_USB_GetDescriptor:
  20               	.LFB30:
  21               	.LSM0:
  22               	.LVL0:
  23               	/* prologue: function */
  24               	/* frame size = 0 */
  25 0000 DA01      		movw r26,r20
  26               	.LSM1:
  27 0002 9230      		cpi r25,lo8(2)
  28               	.LVL1:
  29 0004 01F0      		breq .L4
  30               	.LVL2:
  31 0006 9330      		cpi r25,lo8(3)
  32 0008 01F0      		breq .L5
  33 000a 9130      		cpi r25,lo8(1)
  34 000c 01F4      		brne .L2
  35 000e E0E0      		ldi r30,lo8(DeviceDescriptor)
  36 0010 F0E0      		ldi r31,hi8(DeviceDescriptor)
  37               	.LVL3:
  38 0012 22E1      		ldi r18,lo8(18)
  39 0014 30E0      		ldi r19,hi8(18)
  40               	.LVL4:
  41 0016 00C0      		rjmp .L6
  42               	.LVL5:
  43               	.L4:
  44 0018 E0E0      		ldi r30,lo8(ConfigurationDescriptor)
  45 001a F0E0      		ldi r31,hi8(ConfigurationDescriptor)
  46               	.LVL6:
  47 001c 20E2      		ldi r18,lo8(32)
  48 001e 30E0      		ldi r19,hi8(32)
  49               	.LVL7:
  50 0020 00C0      		rjmp .L6
  51               	.LVL8:
  52               	.L5:
  53               	.LSM2:
  54 0022 8130      		cpi r24,lo8(1)
  55 0024 01F0      		breq .L8
  56 0026 8130      		cpi r24,lo8(1)
  57 0028 00F0      		brlo .L7
  58 002a 8230      		cpi r24,lo8(2)
  59 002c 01F0      		breq .L9
  60 002e 8330      		cpi r24,lo8(3)
  61 0030 01F4      		brne .L2
  62 0032 00C0      		rjmp .L13
  63               	.L7:
  64               	.LBB2:
  65               	.LSM3:
  66 0034 E0E0      		ldi r30,lo8(LanguageString)
  67 0036 F0E0      		ldi r31,hi8(LanguageString)
  68               	/* #APP */
  69               	 ;  184 "Descriptors.c" 1
  70 0038 8491      		lpm r24, Z
  71               		
  72               	 ;  0 "" 2
  73               	.LVL9:
  74               	/* #NOAPP */
  75 003a 00C0      		rjmp .L12
  76               	.LVL10:
  77               	.L8:
  78               	.LBE2:
  79               	.LBB3:
  80               	.LSM4:
  81 003c E0E0      		ldi r30,lo8(ManufacturerString)
  82 003e F0E0      		ldi r31,hi8(ManufacturerString)
  83               	/* #APP */
  84               	 ;  188 "Descriptors.c" 1
  85 0040 8491      		lpm r24, Z
  86               		
  87               	 ;  0 "" 2
  88               	.LVL11:
  89               	/* #NOAPP */
  90 0042 00C0      		rjmp .L12
  91               	.LVL12:
  92               	.L9:
  93               	.LBE3:
  94               	.LBB4:
  95               	.LSM5:
  96 0044 E0E0      		ldi r30,lo8(ProductString)
  97 0046 F0E0      		ldi r31,hi8(ProductString)
  98               	/* #APP */
  99               	 ;  192 "Descriptors.c" 1
 100 0048 8491      		lpm r24, Z
 101               		
 102               	 ;  0 "" 2
 103               	.LVL13:
 104               	/* #NOAPP */
 105 004a 00C0      		rjmp .L12
 106               	.LVL14:
 107               	.L13:
 108               	.LBE4:
 109               	.LBB5:
 110               	.LSM6:
 111 004c E0E0      		ldi r30,lo8(SerialNumberString)
 112 004e F0E0      		ldi r31,hi8(SerialNumberString)
 113               	/* #APP */
 114               	 ;  196 "Descriptors.c" 1
 115 0050 8491      		lpm r24, Z
 116               		
 117               	 ;  0 "" 2
 118               	.LVL15:
 119               	/* #NOAPP */
 120               	.L12:
 121               	.LBE5:
 122 0052 282F      		mov r18,r24
 123               	.LVL16:
 124 0054 30E0      		ldi r19,lo8(0)
 125               	.LVL17:
 126 0056 00C0      		rjmp .L6
 127               	.LVL18:
 128               	.L2:
 129 0058 E0E0      		ldi r30,lo8(0)
 130 005a F0E0      		ldi r31,hi8(0)
 131               	.LVL19:
 132 005c 20E0      		ldi r18,lo8(0)
 133 005e 30E0      		ldi r19,hi8(0)
 134               	.LVL20:
 135               	.L6:
 136               	.LSM7:
 137 0060 ED93      		st X+,r30
 138 0062 FC93      		st X,r31
 139               	.LSM8:
 140 0064 C901      		movw r24,r18
 141               	.LVL21:
 142               	/* epilogue start */
 143 0066 0895      		ret
 144               	.LFE30:
 146               	.global	DeviceDescriptor
 147               		.section	.progmem.data,"a",@progbits
 150               	DeviceDescriptor:
 151 0000 12        		.byte	18
 152 0001 01        		.byte	1
 153 0002 1001      		.word	272
 154 0004 00        		.byte	0
 155 0005 00        		.byte	0
 156 0006 00        		.byte	0
 157 0007 08        		.byte	8
 158 0008 8117      		.word	6017
 159 000a C0C0      		.word	-16192
 160 000c 0100      		.word	1
 161 000e 01        		.byte	1
 162 000f 02        		.byte	2
 163 0010 03        		.byte	3
 164 0011 01        		.byte	1
 165               	.global	ConfigurationDescriptor
 168               	ConfigurationDescriptor:
 169 0012 09        		.byte	9
 170 0013 02        		.byte	2
 171 0014 2000      		.word	32
 172 0016 01        		.byte	1
 173 0017 01        		.byte	1
 174 0018 00        		.byte	0
 175 0019 C0        		.byte	-64
 176 001a 32        		.byte	50
 177 001b 09        		.byte	9
 178 001c 04        		.byte	4
 179 001d 00        		.byte	0
 180 001e 00        		.byte	0
 181 001f 02        		.byte	2
 182 0020 FF        		.byte	-1
 183 0021 00        		.byte	0
 184 0022 00        		.byte	0
 185 0023 00        		.byte	0
 186 0024 07        		.byte	7
 187 0025 05        		.byte	5
 188 0026 81        		.byte	-127
 189 0027 02        		.byte	2
 190 0028 4000      		.word	64
 191 002a 00        		.byte	0
 192 002b 07        		.byte	7
 193 002c 05        		.byte	5
 194 002d 02        		.byte	2
 195 002e 02        		.byte	2
 196 002f 4000      		.word	64
 197 0031 00        		.byte	0
 198               	.global	LanguageString
 201               	LanguageString:
 202 0032 04        		.byte	4
 203 0033 03        		.byte	3
 204 0034 0904      		.word	1033
 205               	.global	ManufacturerString
 208               	ManufacturerString:
 209 0036 2C        		.byte	44
 210 0037 03        		.byte	3
 211 0038 7700      		.string	"w"
 212 003a 7700      		.string	"w"
 213 003c 7700      		.string	"w"
 214 003e 2E00      		.string	"."
 215 0040 7400      		.string	"t"
 216 0042 6500      		.string	"e"
 217 0044 6300      		.string	"c"
 218 0046 6800      		.string	"h"
 219 0048 6E00      		.string	"n"
 220 004a 6900      		.string	"i"
 221 004c 6B00      		.string	"k"
 222 004e 7500      		.string	"u"
 223 0050 6D00      		.string	"m"
 224 0052 2D00      		.string	"-"
 225 0054 7700      		.string	"w"
 226 0056 6900      		.string	"i"
 227 0058 6500      		.string	"e"
 228 005a 6E00      		.string	"n"
 229 005c 2E00      		.string	"."
 230 005e 6100      		.string	"a"
 231 0060 7400      		.string	"t"
 232 0062 00        		.string	""
 233 0063 00        		.string	""
 234               	.global	ProductString
 237               	ProductString:
 238 0064 18        		.byte	24
 239 0065 03        		.byte	3
 240 0066 6500      		.string	"e"
 241 0068 7300      		.string	"s"
 242 006a 7400      		.string	"t"
 243 006c 6900      		.string	"i"
 244 006e 6300      		.string	"c"
 245 0070 6B00      		.string	"k"
 246 0072 2D00      		.string	"-"
 247 0074 6A00      		.string	"j"
 248 0076 7400      		.string	"t"
 249 0078 6100      		.string	"a"
 250 007a 6700      		.string	"g"
 251 007c 00        		.string	""
 252 007d 00        		.string	""
 253               	.global	SerialNumberString
 256               	SerialNumberString:
 257 007e 1A        		.byte	26
 258 007f 03        		.byte	3
 259 0080 3000      		.string	"0"
 260 0082 3000      		.string	"0"
 261 0084 3000      		.string	"0"
 262 0086 3000      		.string	"0"
 263 0088 3000      		.string	"0"
 264 008a 3000      		.string	"0"
 265 008c 3000      		.string	"0"
 266 008e 3000      		.string	"0"
 267 0090 3000      		.string	"0"
 268 0092 3000      		.string	"0"
 269 0094 3000      		.string	"0"
 270 0096 3000      		.string	"0"
 271 0098 00        		.string	""
 272 0099 00        		.string	""
 297               	.Letext0:
DEFINED SYMBOLS
                            *ABS*:00000000 Descriptors.c
C:\Users\andz\AppData\Local\Temp/ccaXh8md.s:2      *ABS*:0000003f __SREG__
C:\Users\andz\AppData\Local\Temp/ccaXh8md.s:3      *ABS*:0000003e __SP_H__
C:\Users\andz\AppData\Local\Temp/ccaXh8md.s:4      *ABS*:0000003d __SP_L__
C:\Users\andz\AppData\Local\Temp/ccaXh8md.s:5      *ABS*:00000034 __CCP__
C:\Users\andz\AppData\Local\Temp/ccaXh8md.s:6      *ABS*:00000000 __tmp_reg__
C:\Users\andz\AppData\Local\Temp/ccaXh8md.s:7      *ABS*:00000001 __zero_reg__
C:\Users\andz\AppData\Local\Temp/ccaXh8md.s:19     .text.CALLBACK_USB_GetDescriptor:00000000 CALLBACK_USB_GetDescriptor
C:\Users\andz\AppData\Local\Temp/ccaXh8md.s:150    .progmem.data:00000000 DeviceDescriptor
C:\Users\andz\AppData\Local\Temp/ccaXh8md.s:168    .progmem.data:00000012 ConfigurationDescriptor
C:\Users\andz\AppData\Local\Temp/ccaXh8md.s:201    .progmem.data:00000032 LanguageString
C:\Users\andz\AppData\Local\Temp/ccaXh8md.s:208    .progmem.data:00000036 ManufacturerString
C:\Users\andz\AppData\Local\Temp/ccaXh8md.s:237    .progmem.data:00000064 ProductString
C:\Users\andz\AppData\Local\Temp/ccaXh8md.s:256    .progmem.data:0000007e SerialNumberString

NO UNDEFINED SYMBOLS
