\BOOKMARK [0][]{Inhaltsverzeichnis.0}{Inhaltsverzeichnis}{}% 1
\BOOKMARK [0][]{chapter.1}{1 Einf\374hrung}{}% 2
\BOOKMARK [1][-]{section.1.1}{1.1 Zielsetzung}{chapter.1}% 3
\BOOKMARK [1][-]{section.1.2}{1.2 Motivation}{chapter.1}% 4
\BOOKMARK [1][-]{section.1.3}{1.3 Aufbau der Arbeit}{chapter.1}% 5
\BOOKMARK [0][]{chapter.2}{2 Design}{}% 6
\BOOKMARK [1][-]{section.2.1}{2.1 Technische Grundlagen}{chapter.2}% 7
\BOOKMARK [1][-]{section.2.2}{2.2 Ben\366tigte Hard- und Software-Komponenten}{chapter.2}% 8
\BOOKMARK [1][-]{section.2.3}{2.3 Auswahl der Software-Toolchain}{chapter.2}% 9
\BOOKMARK [1][-]{section.2.4}{2.4 Auswahl der Hardware}{chapter.2}% 10
\BOOKMARK [1][-]{section.2.5}{2.5 Beispiel: Von der Synthese bis zum Bitstream mit der IceStorm-Toolchain}{chapter.2}% 11
\BOOKMARK [0][]{chapter.3}{3 Implementierung}{}% 12
\BOOKMARK [1][-]{section.3.1}{3.1 Portierung des Tools zum Flashen des Bitstreams \(icoprog\)}{chapter.3}% 13
\BOOKMARK [1][-]{section.3.2}{3.2 Portierung und n\366tige Anpassungen des Verilog-SoCs \(icosoc\)}{chapter.3}% 14
\BOOKMARK [1][-]{section.3.3}{3.3 Implementierung des Event-Recorder Moduls}{chapter.3}% 15
\BOOKMARK [2][-]{subsection.3.3.1}{3.3.1 Bus-Schnittstelle}{section.3.3}% 16
\BOOKMARK [2][-]{subsection.3.3.2}{3.3.2 Triggerlogik}{section.3.3}% 17
\BOOKMARK [1][-]{section.3.4}{3.4 Implementierung eines SPI-Slave-Moduls}{chapter.3}% 18
\BOOKMARK [1][-]{section.3.5}{3.5 Zusammenf\374hrung der Module als Icosoc-Projekt}{chapter.3}% 19
\BOOKMARK [1][-]{section.3.6}{3.6 Implementierung des textbasierten Benutzerinterfaces}{chapter.3}% 20
\BOOKMARK [0][]{chapter.4}{4 Anwendungsfall: Jitter-Analyse eines Software-generierten Clock-Signals}{}% 21
\BOOKMARK [1][-]{section.4.1}{4.1 Einrichten des Projekts}{chapter.4}% 22
\BOOKMARK [1][-]{section.4.2}{4.2 Konfiguration der Event-Trigger}{chapter.4}% 23
\BOOKMARK [1][-]{section.4.3}{4.3 Durchf\374hren der Event-Aufnahme}{chapter.4}% 24
\BOOKMARK [1][-]{section.4.4}{4.4 Analyse der Ergebnisse}{chapter.4}% 25
\BOOKMARK [0][]{chapter.5}{5 Fazit}{}% 26
\BOOKMARK [0][]{chapter.6}{6 Aussicht}{}% 27
\BOOKMARK [0][]{section*.4}{Abk\374rzungen}{}% 28
\BOOKMARK [0][]{section*.6}{Glossar}{}% 29
\BOOKMARK [0][]{appendix*.8}{Abbildungsverzeichnis}{}% 30
\BOOKMARK [0][]{appendix*.9}{Tabellenverzeichnis}{}% 31
\BOOKMARK [0][]{appendix*.9}{Literatur}{}% 32
\BOOKMARK [0][]{appendix.A}{A Pinbelegung}{}% 33
\BOOKMARK [1][-]{section.A.1}{A.1 Tex Beispiele}{appendix.A}% 34
\BOOKMARK [2][-]{subsection.A.1.1}{A.1.1 Zitieren}{section.A.1}% 35
\BOOKMARK [2][-]{subsection.A.1.2}{A.1.2 Ein Bild skaliert}{section.A.1}% 36
\BOOKMARK [2][-]{subsection.A.1.3}{A.1.3 Zwei Bilder nebeneinander oder untereinander}{section.A.1}% 37
\BOOKMARK [1][-]{section.A.2}{A.2 Tabellen}{appendix.A}% 38
\BOOKMARK [0][]{appendix.B}{B GPL}{}% 39
